mv: cannot stat ‘/home/ec2-user/strg001.out.2018_March_01*’: No such file or directory
mv: cannot stat ‘/home/ec2-user/strg002.out.2018_March_01*’: No such file or directory
Missing files:
mv: cannot stat ‘/home/ec2-user/strg003.out.2018_March_01*’: No such file or directory
mv: cannot stat ‘/home/ec2-user/strg004.out.2018_March_01*’: No such file or directory
Missing files:
mv: cannot stat ‘/home/ec2-user/strg001.out.2018_March_01*’: No such file or directory
mv: cannot stat ‘/home/ec2-user/strg002.out.2018_March_01*’: No such file or directory
mv: cannot stat ‘/home/ec2-user/strg003.out.2018_March_01*’: No such file or directory
mv: cannot stat ‘/home/ec2-user/strg004.out.2018_March_01*’: No such file or directory
mv: cannot stat ‘/home/ec2-user/strg001.out.2018_March_01*’: No such file or directory
mv: cannot stat ‘/home/ec2-user/strg002.out.2018_March_01*’: No such file or directory
mv: cannot stat ‘/home/ec2-user/strg003.out.2018_March_01*’: No such file or directory
mv: cannot stat ‘/home/ec2-user/strg004.out.2018_March_01*’: No such file or directory
Thu Mar 1 17:41:01 EST 2018
mv: cannot stat ‘/home/ec2-user/strg001.out.2018_March_01*’: No such file or directory
mv: cannot stat ‘/home/ec2-user/strg002.out.2018_March_01*’: No such file or directory
Thu Mar 1 17:51:01 EST 2018
mv: cannot stat ‘/home/ec2-user/strg003.out.2018_March_01*’: No such file or directory
mv: cannot stat ‘/home/ec2-user/strg004.out.2018_March_01*’: No such file or directory
Thu Mar 1 18:01:01 EST 2018
mv: cannot stat ‘/home/ec2-user/strg001.out.2018_March_01*’: No such file or directory
mv: cannot stat ‘/home/ec2-user/strg002.out.2018_March_01*’: No such file or directory
Thu Mar 1 18:11:01 EST 2018
mv: cannot stat ‘/home/ec2-user/strg002.out.2018_March_01*’: No such file or directory
mv: cannot stat ‘/home/ec2-user/strg003.out.2018_March_01*’: No such file or directory
Thu Mar 1 18:21:01 EST 2018
mv: cannot stat ‘/home/ec2-user/strg001.out.2018_March_01*’: No such file or directory
mv: cannot stat ‘/home/ec2-user/strg004.out.2018_March_01*’: No such file or directory
Thu Mar 1 18:31:01 EST 2018
mv: cannot stat ‘/home/ec2-user/strg002.out.2018_March_01*’: No such file or directory
mv: cannot stat ‘/home/ec2-user/strg003.out.2018_March_01*’: No such file or directory
Thu Mar 1 18:41:01 EST 2018
mv: cannot stat ‘/home/ec2-user/strg001.out.2018_March_01*’: No such file or directory
mv: cannot stat ‘/home/ec2-user/strg004.out.2018_March_01*’: No such file or directory
Thu Mar 1 18:51:01 EST 2018
mv: cannot stat ‘/home/ec2-user/strg002.out.2018_March_01*’: No such file or directory
mv: cannot stat ‘/home/ec2-user/strg003.out.2018_March_01*’: No such file or directory
Thu Mar 1 19:01:01 EST 2018
mv: cannot stat ‘/home/ec2-user/strg002.out.2018_March_01*’: No such file or directory
mv: cannot stat ‘/home/ec2-user/strg004.out.2018_March_01*’: No such file or directory
Thu Mar 1 19:11:01 EST 2018
mv: cannot stat ‘/home/ec2-user/strg001.out.2018_March_01*’: No such file or directory
mv: cannot stat ‘/home/ec2-user/strg003.out.2018_March_01*’: No such file or directory
Thu Mar 1 19:21:01 EST 2018
mv: cannot stat ‘/home/ec2-user/strg001.out.2018_March_01*’: No such file or directory
mv: cannot stat ‘/home/ec2-user/strg002.out.2018_March_01*’: No such file or directory
Thu Mar 1 19:31:01 EST 2018
mv: cannot stat ‘/home/ec2-user/strg003.out.2018_March_01*’: No such file or directory
mv: cannot stat ‘/home/ec2-user/strg004.out.2018_March_01*’: No such file or directory
Thu Mar 1 19:41:01 EST 2018
mv: cannot stat ‘/home/ec2-user/strg001.out.2018_March_01*’: No such file or directory
mv: cannot stat ‘/home/ec2-user/strg002.out.2018_March_01*’: No such file or directory
Thu Mar 1 19:51:01 EST 2018
mv: cannot stat ‘/home/ec2-user/strg003.out.2018_March_01*’: No such file or directory
mv: cannot stat ‘/home/ec2-user/strg004.out.2018_March_01*’: No such file or directory
Thu Mar 1 20:01:01 EST 2018
mv: cannot stat ‘/home/ec2-user/strg001.out.2018_March_01*’: No such file or directory
mv: cannot stat ‘/home/ec2-user/strg002.out.2018_March_01*’: No such file or directory
Thu Mar 1 20:11:01 EST 2018
mv: cannot stat ‘/home/ec2-user/strg003.out.2018_March_01*’: No such file or directory
mv: cannot stat ‘/home/ec2-user/strg004.out.2018_March_01*’: No such file or directory
Thu Mar 1 20:21:01 EST 2018
mv: cannot stat ‘/home/ec2-user/strg001.out.2018_March_01*’: No such file or directory
mv: cannot stat ‘/home/ec2-user/strg002.out.2018_March_01*’: No such file or directory
Thu Mar 1 20:31:01 EST 2018
mv: cannot stat ‘/home/ec2-user/strg003.out.2018_March_01*’: No such file or directory
mv: cannot stat ‘/home/ec2-user/strg004.out.2018_March_01*’: No such file or directory
Thu Mar 1 20:41:01 EST 2018
mv: cannot stat ‘/home/ec2-user/strg001.out.2018_March_01*’: No such file or directory
mv: cannot stat ‘/home/ec2-user/strg002.out.2018_March_01*’: No such file or directory
Thu Mar 1 20:51:01 EST 2018
mv: cannot stat ‘/home/ec2-user/strg003.out.2018_March_01*’: No such file or directory
mv: cannot stat ‘/home/ec2-user/strg004.out.2018_March_01*’: No such file or directory
Thu Mar 1 21:01:01 EST 2018
mv: cannot stat ‘/home/ec2-user/strg002.out.2018_March_01*’: No such file or directory
mv: cannot stat ‘/home/ec2-user/strg003.out.2018_March_01*’: No such file or directory
Thu Mar 1 21:11:01 EST 2018
mv: cannot stat ‘/home/ec2-user/strg001.out.2018_March_01*’: No such file or directory
mv: cannot stat ‘/home/ec2-user/strg004.out.2018_March_01*’: No such file or directory
Thu Mar 1 21:21:01 EST 2018
mv: cannot stat ‘/home/ec2-user/strg002.out.2018_March_01*’: No such file or directory
mv: cannot stat ‘/home/ec2-user/strg003.out.2018_March_01*’: No such file or directory
Thu Mar 1 21:31:01 EST 2018
mv: cannot stat ‘/home/ec2-user/strg001.out.2018_March_01*’: No such file or directory
mv: cannot stat ‘/home/ec2-user/strg004.out.2018_March_01*’: No such file or directory
Thu Mar 1 21:41:01 EST 2018
mv: cannot stat ‘/home/ec2-user/strg001.out.2018_March_01*’: No such file or directory
mv: cannot stat ‘/home/ec2-user/strg004.out.2018_March_01*’: No such file or directory
Thu Mar 1 21:51:01 EST 2018
mv: cannot stat ‘/home/ec2-user/strg002.out.2018_March_01*’: No such file or directory
mv: cannot stat ‘/home/ec2-user/strg003.out.2018_March_01*’: No such file or directory
Thu Mar 1 22:01:01 EST 2018
mv: cannot stat ‘/home/ec2-user/strg003.out.2018_March_01*’: No such file or directory
mv: cannot stat ‘/home/ec2-user/strg004.out.2018_March_01*’: No such file or directory
Thu Mar 1 22:11:01 EST 2018
mv: cannot stat ‘/home/ec2-user/strg002.out.2018_March_01*’: No such file or directory
mv: cannot stat ‘/home/ec2-user/strg003.out.2018_March_01*’: No such file or directory
Thu Mar 1 22:21:01 EST 2018
mv: cannot stat ‘/home/ec2-user/strg001.out.2018_March_01*’: No such file or directory
mv: cannot stat ‘/home/ec2-user/strg003.out.2018_March_01*’: No such file or directory
Thu Mar 1 22:31:01 EST 2018
mv: cannot stat ‘/home/ec2-user/strg001.out.2018_March_01*’: No such file or directory
mv: cannot stat ‘/home/ec2-user/strg003.out.2018_March_01*’: No such file or directory
Thu Mar 1 22:41:01 EST 2018
mv: cannot stat ‘/home/ec2-user/strg001.out.2018_March_01*’: No such file or directory
mv: cannot stat ‘/home/ec2-user/strg003.out.2018_March_01*’: No such file or directory
Thu Mar 1 22:51:01 EST 2018
mv: cannot stat ‘/home/ec2-user/strg002.out.2018_March_01*’: No such file or directory
mv: cannot stat ‘/home/ec2-user/strg004.out.2018_March_01*’: No such file or directory
Thu Mar 1 23:01:01 EST 2018
mv: cannot stat ‘/home/ec2-user/strg001.out.2018_March_01*’: No such file or directory
mv: cannot stat ‘/home/ec2-user/strg003.out.2018_March_01*’: No such file or directory
Thu Mar 1 23:11:01 EST 2018
mv: cannot stat ‘/home/ec2-user/strg002.out.2018_March_01*’: No such file or directory
mv: cannot stat ‘/home/ec2-user/strg004.out.2018_March_01*’: No such file or directory
Thu Mar 1 23:21:01 EST 2018
mv: cannot stat ‘/home/ec2-user/strg001.out.2018_March_01*’: No such file or directory
mv: cannot stat ‘/home/ec2-user/strg003.out.2018_March_01*’: No such file or directory
Thu Mar 1 23:31:01 EST 2018
mv: cannot stat ‘/home/ec2-user/strg002.out.2018_March_01*’: No such file or directory
mv: cannot stat ‘/home/ec2-user/strg004.out.2018_March_01*’: No such file or directory
Thu Mar 1 23:41:01 EST 2018
mv: cannot stat ‘/home/ec2-user/strg001.out.2018_March_01*’: No such file or directory
mv: cannot stat ‘/home/ec2-user/strg002.out.2018_March_01*’: No such file or directory
Thu Mar 1 23:51:01 EST 2018
mv: cannot stat ‘/home/ec2-user/strg003.out.2018_March_01*’: No such file or directory
mv: cannot stat ‘/home/ec2-user/strg004.out.2018_March_01*’: No such file or directory
Fri Mar 2 00:01:01 EST 2018
mv: cannot stat ‘/home/ec2-user/strg001.out.2018_March_01*’: No such file or directory
mv: cannot stat ‘/home/ec2-user/strg004.out.2018_March_01*’: No such file or directory
Fri Mar 2 00:11:01 EST 2018
mv: cannot stat ‘/home/ec2-user/strg002.out.2018_March_01*’: No such file or directory
mv: cannot stat ‘/home/ec2-user/strg003.out.2018_March_01*’: No such file or directory
Fri Mar 2 00:21:01 EST 2018
mv: cannot stat ‘/home/ec2-user/strg001.out.2018_March_01*’: No such file or directory
mv: cannot stat ‘/home/ec2-user/strg004.out.2018_March_01*’: No such file or directory
Fri Mar 2 00:31:01 EST 2018
mv: cannot stat ‘/home/ec2-user/strg002.out.2018_March_01*’: No such file or directory
mv: cannot stat ‘/home/ec2-user/strg003.out.2018_March_01*’: No such file or directory
Fri Mar 2 00:41:01 EST 2018
mv: cannot stat ‘/home/ec2-user/strg001.out.2018_March_01*’: No such file or directory
mv: cannot stat ‘/home/ec2-user/strg004.out.2018_March_01*’: No such file or directory
Fri Mar 2 00:51:01 EST 2018
mv: cannot stat ‘/home/ec2-user/strg002.out.2018_March_01*’: No such file or directory
mv: cannot stat ‘/home/ec2-user/strg003.out.2018_March_01*’: No such file or directory
Fri Mar 2 01:01:01 EST 2018
mv: cannot stat ‘/home/ec2-user/strg001.out.2018_March_02*’: No such file or directory
mv: cannot stat ‘/home/ec2-user/strg004.out.2018_March_02*’: No such file or directory
cp: omitting directory ‘/home/ec2-user/OptGeoData/2018/March/02/’
cp: omitting directory ‘/home/ec2-user/OptGeoData/2018/March/02/’
Traceback (most recent call last):
  File "/mnt/ftp/httpd/customers/optimalgeo/optgeoParser.py", line 12, in <module>
    strg1Read = open(infile,"r")
IOError: [Errno 2] No such file or directory: '/mnt/ftp/httpd/customers/optimalgeo/newest1.data'
Traceback (most recent call last):
  File "/mnt/ftp/httpd/customers/optimalgeo/optgeoParser.py", line 12, in <module>
    strg1Read = open(infile,"r")
IOError: [Errno 2] No such file or directory: '/mnt/ftp/httpd/customers/optimalgeo/newest4.data'
Fri Mar 2 01:11:01 EST 2018
mv: cannot stat ‘/home/ec2-user/strg002.out.2018_March_02*’: No such file or directory
mv: cannot stat ‘/home/ec2-user/strg003.out.2018_March_02*’: No such file or directory
Fri Mar 2 01:21:01 EST 2018
mv: cannot stat ‘/home/ec2-user/strg002.out.2018_March_02*’: No such file or directory
mv: cannot stat ‘/home/ec2-user/strg003.out.2018_March_02*’: No such file or directory
Fri Mar 2 01:31:01 EST 2018
mv: cannot stat ‘/home/ec2-user/strg001.out.2018_March_02*’: No such file or directory
mv: cannot stat ‘/home/ec2-user/strg004.out.2018_March_02*’: No such file or directory
Fri Mar 2 01:41:01 EST 2018
mv: cannot stat ‘/home/ec2-user/strg001.out.2018_March_02*’: No such file or directory
mv: cannot stat ‘/home/ec2-user/strg004.out.2018_March_02*’: No such file or directory
Fri Mar 2 01:51:01 EST 2018
mv: cannot stat ‘/home/ec2-user/strg002.out.2018_March_02*’: No such file or directory
mv: cannot stat ‘/home/ec2-user/strg003.out.2018_March_02*’: No such file or directory
Fri Mar 2 02:01:01 EST 2018
mv: cannot stat ‘/home/ec2-user/strg002.out.2018_March_02*’: No such file or directory
mv: cannot stat ‘/home/ec2-user/strg003.out.2018_March_02*’: No such file or directory
Fri Mar 2 02:11:01 EST 2018
mv: cannot stat ‘/home/ec2-user/strg001.out.2018_March_02*’: No such file or directory
mv: cannot stat ‘/home/ec2-user/strg004.out.2018_March_02*’: No such file or directory
Fri Mar 2 02:21:01 EST 2018
mv: cannot stat ‘/home/ec2-user/strg002.out.2018_March_02*’: No such file or directory
mv: cannot stat ‘/home/ec2-user/strg003.out.2018_March_02*’: No such file or directory
Fri Mar 2 02:31:01 EST 2018
mv: cannot stat ‘/home/ec2-user/strg001.out.2018_March_02*’: No such file or directory
mv: cannot stat ‘/home/ec2-user/strg004.out.2018_March_02*’: No such file or directory
Fri Mar 2 02:41:01 EST 2018
mv: cannot stat ‘/home/ec2-user/strg002.out.2018_March_02*’: No such file or directory
mv: cannot stat ‘/home/ec2-user/strg003.out.2018_March_02*’: No such file or directory
Fri Mar 2 02:51:02 EST 2018
mv: cannot stat ‘/home/ec2-user/strg001.out.2018_March_02*’: No such file or directory
mv: cannot stat ‘/home/ec2-user/strg002.out.2018_March_02*’: No such file or directory
Fri Mar 2 03:01:01 EST 2018
mv: cannot stat ‘/home/ec2-user/strg003.out.2018_March_02*’: No such file or directory
mv: cannot stat ‘/home/ec2-user/strg004.out.2018_March_02*’: No such file or directory
Fri Mar 2 03:11:01 EST 2018
mv: cannot stat ‘/home/ec2-user/strg002.out.2018_March_02*’: No such file or directory
mv: cannot stat ‘/home/ec2-user/strg003.out.2018_March_02*’: No such file or directory
Fri Mar 2 03:21:01 EST 2018
mv: cannot stat ‘/home/ec2-user/strg001.out.2018_March_02*’: No such file or directory
mv: cannot stat ‘/home/ec2-user/strg004.out.2018_March_02*’: No such file or directory
Fri Mar 2 03:31:01 EST 2018
mv: cannot stat ‘/home/ec2-user/strg002.out.2018_March_02*’: No such file or directory
mv: cannot stat ‘/home/ec2-user/strg003.out.2018_March_02*’: No such file or directory
Fri Mar 2 03:41:01 EST 2018
mv: cannot stat ‘/home/ec2-user/strg001.out.2018_March_02*’: No such file or directory
mv: cannot stat ‘/home/ec2-user/strg004.out.2018_March_02*’: No such file or directory
Fri Mar 2 03:51:01 EST 2018
mv: cannot stat ‘/home/ec2-user/strg002.out.2018_March_02*’: No such file or directory
mv: cannot stat ‘/home/ec2-user/strg003.out.2018_March_02*’: No such file or directory
Fri Mar 2 04:01:01 EST 2018
mv: cannot stat ‘/home/ec2-user/strg001.out.2018_March_02*’: No such file or directory
mv: cannot stat ‘/home/ec2-user/strg004.out.2018_March_02*’: No such file or directory
Fri Mar 2 04:11:01 EST 2018
mv: cannot stat ‘/home/ec2-user/strg002.out.2018_March_02*’: No such file or directory
mv: cannot stat ‘/home/ec2-user/strg003.out.2018_March_02*’: No such file or directory
Fri Mar 2 04:21:01 EST 2018
mv: cannot stat ‘/home/ec2-user/strg002.out.2018_March_02*’: No such file or directory
mv: cannot stat ‘/home/ec2-user/strg003.out.2018_March_02*’: No such file or directory
Fri Mar 2 04:31:01 EST 2018
mv: cannot stat ‘/home/ec2-user/strg001.out.2018_March_02*’: No such file or directory
mv: cannot stat ‘/home/ec2-user/strg004.out.2018_March_02*’: No such file or directory
Fri Mar 2 04:41:01 EST 2018
mv: cannot stat ‘/home/ec2-user/strg001.out.2018_March_02*’: No such file or directory
mv: cannot stat ‘/home/ec2-user/strg004.out.2018_March_02*’: No such file or directory
Fri Mar 2 04:51:01 EST 2018
mv: cannot stat ‘/home/ec2-user/strg002.out.2018_March_02*’: No such file or directory
mv: cannot stat ‘/home/ec2-user/strg004.out.2018_March_02*’: No such file or directory
Fri Mar 2 05:01:02 EST 2018
mv: cannot stat ‘/home/ec2-user/strg001.out.2018_March_02*’: No such file or directory
mv: cannot stat ‘/home/ec2-user/strg003.out.2018_March_02*’: No such file or directory
Fri Mar 2 05:11:01 EST 2018
mv: cannot stat ‘/home/ec2-user/strg002.out.2018_March_02*’: No such file or directory
mv: cannot stat ‘/home/ec2-user/strg003.out.2018_March_02*’: No such file or directory
Fri Mar 2 05:21:01 EST 2018
mv: cannot stat ‘/home/ec2-user/strg001.out.2018_March_02*’: No such file or directory
mv: cannot stat ‘/home/ec2-user/strg004.out.2018_March_02*’: No such file or directory
Fri Mar 2 05:31:01 EST 2018
mv: cannot stat ‘/home/ec2-user/strg002.out.2018_March_02*’: No such file or directory
mv: cannot stat ‘/home/ec2-user/strg003.out.2018_March_02*’: No such file or directory
Fri Mar 2 05:41:01 EST 2018
mv: cannot stat ‘/home/ec2-user/strg001.out.2018_March_02*’: No such file or directory
mv: cannot stat ‘/home/ec2-user/strg004.out.2018_March_02*’: No such file or directory
Fri Mar 2 05:51:01 EST 2018
mv: cannot stat ‘/home/ec2-user/strg001.out.2018_March_02*’: No such file or directory
mv: cannot stat ‘/home/ec2-user/strg002.out.2018_March_02*’: No such file or directory
Fri Mar 2 06:01:01 EST 2018
mv: cannot stat ‘/home/ec2-user/strg003.out.2018_March_02*’: No such file or directory
mv: cannot stat ‘/home/ec2-user/strg004.out.2018_March_02*’: No such file or directory
Fri Mar 2 06:11:01 EST 2018
mv: cannot stat ‘/home/ec2-user/strg001.out.2018_March_02*’: No such file or directory
mv: cannot stat ‘/home/ec2-user/strg003.out.2018_March_02*’: No such file or directory
Fri Mar 2 06:21:01 EST 2018
mv: cannot stat ‘/home/ec2-user/strg002.out.2018_March_02*’: No such file or directory
mv: cannot stat ‘/home/ec2-user/strg004.out.2018_March_02*’: No such file or directory
Fri Mar 2 06:31:01 EST 2018
mv: cannot stat ‘/home/ec2-user/strg001.out.2018_March_02*’: No such file or directory
mv: cannot stat ‘/home/ec2-user/strg002.out.2018_March_02*’: No such file or directory
Fri Mar 2 06:41:01 EST 2018
mv: cannot stat ‘/home/ec2-user/strg003.out.2018_March_02*’: No such file or directory
mv: cannot stat ‘/home/ec2-user/strg004.out.2018_March_02*’: No such file or directory
Fri Mar 2 06:51:01 EST 2018
mv: cannot stat ‘/home/ec2-user/strg001.out.2018_March_02*’: No such file or directory
mv: cannot stat ‘/home/ec2-user/strg002.out.2018_March_02*’: No such file or directory
Fri Mar 2 07:01:01 EST 2018
mv: cannot stat ‘/home/ec2-user/strg003.out.2018_March_02*’: No such file or directory
mv: cannot stat ‘/home/ec2-user/strg004.out.2018_March_02*’: No such file or directory
Fri Mar 2 07:11:01 EST 2018
mv: cannot stat ‘/home/ec2-user/strg002.out.2018_March_02*’: No such file or directory
mv: cannot stat ‘/home/ec2-user/strg003.out.2018_March_02*’: No such file or directory
Fri Mar 2 07:21:01 EST 2018
mv: cannot stat ‘/home/ec2-user/strg001.out.2018_March_02*’: No such file or directory
mv: cannot stat ‘/home/ec2-user/strg002.out.2018_March_02*’: No such file or directory
Fri Mar 2 07:31:01 EST 2018
mv: cannot stat ‘/home/ec2-user/strg003.out.2018_March_02*’: No such file or directory
mv: cannot stat ‘/home/ec2-user/strg004.out.2018_March_02*’: No such file or directory
Fri Mar 2 07:41:01 EST 2018
mv: cannot stat ‘/home/ec2-user/strg001.out.2018_March_02*’: No such file or directory
mv: cannot stat ‘/home/ec2-user/strg002.out.2018_March_02*’: No such file or directory
Fri Mar 2 07:51:01 EST 2018
mv: cannot stat ‘/home/ec2-user/strg001.out.2018_March_02*’: No such file or directory
mv: cannot stat ‘/home/ec2-user/strg003.out.2018_March_02*’: No such file or directory
Fri Mar 2 08:01:01 EST 2018
mv: cannot stat ‘/home/ec2-user/strg002.out.2018_March_02*’: No such file or directory
mv: cannot stat ‘/home/ec2-user/strg004.out.2018_March_02*’: No such file or directory
Fri Mar 2 08:11:01 EST 2018
mv: cannot stat ‘/home/ec2-user/strg002.out.2018_March_02*’: No such file or directory
mv: cannot stat ‘/home/ec2-user/strg003.out.2018_March_02*’: No such file or directory
