Thu Mar 1 15:51:01 EST 2018

-----------------------------------------------------
Thu Mar 1 16:31:01 EST 2018
strg001.out.2018_March_01 strg002.out.2018_March_01 strg003.out.2018_March_01 strg004.out.2018_March_01
-----------------------------------------------------
Thu Mar 1 16:41:01 EST 2018
strg001.out.2018_March_01 strg002.out.2018_March_01 strg003.out.2018_March_01 strg004.out.2018_March_01
-----------------------------------------------------
Thu Mar 1 16:51:01 EST 2018
strg001.out.2018_March_01 strg002.out.2018_March_01 strg003.out.2018_March_01 strg004.out.2018_March_01
-----------------------------------------------------
Thu Mar 1 17:01:01 EST 2018
Missing files:
strg001.out.2018_March_01 strg002.out.2018_March_01 strg003.out.2018_March_01 strg004.out.2018_March_01
-----------------------------------------------------
Thu Mar 1 17:11:01 EST 2018
Missing files:
strg001.out.2018_March_01 strg002.out.2018_March_01 strg003.out.2018_March_01 strg004.out.2018_March_01
-----------------------------------------------------
Thu Mar 1 17:21:01 EST 2018
Missing files:
strg001.out.2018_March_01 strg002.out.2018_March_01
-----------------------------------------------------
